Content-Type: text/plain; charset="utf-8"
MIME-Version: 1.0
Content-Transfer-Encoding: 8bit
Subject: Activation de votre compte
From: aimegnangui02@gmail.com
To: adama.soro@mtn.com
Date: Thu, 21 Aug 2025 14:07:10 -0000
Message-ID: <175578523056.33968.17844782795284069596@TONTON-AIME>

Bonjour Adama,

Votre compte a été créé avec succès.

Voici vos informations de connexion :

- Nom d'utilisateur : asoro
- Mot de passe temporaire : xGyVqLLg5G

Pour activer votre compte et définir votre mot de passe personnel, veuillez cliquer sur le lien suivant :

http://localhost:8000/users/activation/?username=asoro

---

Si le lien ci-dessus ne fonctionne pas, vous pouvez le copier et le coller dans votre navigateur.

Ce lien est valable pendant 7 jours. Après cette période, vous devrez demander un nouveau lien d'activation.

Cordialement,
aimé Gnangui
Administrateur du système
-------------------------------------------------------------------------------
