Content-Type: text/plain; charset="utf-8"
MIME-Version: 1.0
Content-Transfer-Encoding: 8bit
Subject: Activation de votre compte
From: aimegnangui02@gmail.com
To: gnanguiedmondpatriceaime@gmail.com
Date: Wed, 27 Aug 2025 14:09:20 -0000
Message-ID: <175630376086.36792.14917584974007382764@TONTON-AIME>

Bonjour aiminioh,

Votre compte a été créé avec succès.

Voici vos informations de connexion :

- Nom d'utilisateur : aedmond
- Mot de passe temporaire : pbkdf2_sha256$600000$9TdSPobEqk9CKueeypmDGc$atJQkcoLCMdt/DR0uLIRR/cxW7iauyPWTSkbuSkvr+k=

Pour activer votre compte et définir votre mot de passe personnel, veuillez cliquer sur le lien suivant :

http://localhost:8000/users/activation/?username=aedmond

---

Si le lien ci-dessus ne fonctionne pas, vous pouvez le copier et le coller dans votre navigateur.

Ce lien est valable pendant 7 jours. Après cette période, vous devrez demander un nouveau lien d'activation.

Cordialement,
aimé Gnangui
Administrateur du système
-------------------------------------------------------------------------------
